01/03/23 11:54:13 INFO  - 351  - App.displayAndLog: ========================== Processing sitesUpload ============================
01/03/23 11:54:13 INFO  - 357  - App.logArguments: Setting org.gnma.dams.content_importer package verbosity to TRACE.
01/03/23 11:54:13 INFO  - 359  - App.logArguments: Initializing update to alfresco intance (http://localhost:8080) as admin.
01/03/23 11:54:13 DEBUG - 360  - App.logArguments: file=C:\opt\alfresco_support_sdk\scripts\dataLoading\importTemplates\sites.csv
01/03/23 11:54:13 DEBUG - 361  - App.logArguments: host=http://localhost:8080
01/03/23 11:54:13 DEBUG - 362  - App.logArguments: user=admin
01/03/23 11:54:13 DEBUG - 363  - App.logArguments: pwort=admin
01/03/23 11:54:13 DEBUG - 364  - App.logArguments: dataLocation=null
01/03/23 11:54:13 DEBUG - 365  - App.logArguments: deleteSiteIfExists=false
01/03/23 11:54:13 DEBUG - 366  - App.logArguments: action=sitesUpload
01/03/23 11:54:13 DEBUG - 367  - App.logArguments: verbosity=TRACE
01/03/23 11:54:13 DEBUG - 368  - App.logArguments: uri=null
01/03/23 11:54:13 DEBUG - 369  - App.logArguments: jsonFormat=json
01/03/23 11:54:13 DEBUG - 370  - App.logArguments: validActions=contentUpload/categoriesUpload/userUpload/sitesUpload/foldersUpload/foldersDelete/deleteAllSites/updateServerLicense/updateClientLicense/uploadOutlookSearchSettings/listActions/jsonPost/groupsUpload/generateLdif/processLdapGroupsUsers/deleteLdap/folderPermissionsUpdate/deleteContentUploaderConfig/updateContentUploaderConfig/uploadOutlookPromptConfig/getVersion
01/03/23 11:54:13 DEBUG - 371  - App.logArguments: rangeStr=null
01/03/23 11:54:13 DEBUG - 372  - App.logArguments: propsFile=C:\opt\alfresco_support_sdk\scripts\dataLoading\importTemplates\ETL.properties
01/03/23 11:54:13 DEBUG - 373  - App.logArguments: filterStr=null
01/03/23 11:54:13 DEBUG - 374  - App.logArguments: maxRows=999999999
01/03/23 11:54:13 DEBUG - 375  - App.logArguments: jks=
01/03/23 11:54:13 DEBUG - 376  - App.logArguments: jksPwort=
01/03/23 11:54:13 DEBUG - 377  - App.logArguments: ldapDeleteBeforeCreate=false
01/03/23 11:54:13 DEBUG - 378  - App.logArguments: groupsFile=null
01/03/23 11:54:13 DEBUG - 379  - App.logArguments: usersFile=null
01/03/23 11:54:13 DEBUG - 380  - App.logArguments: timeout=15
01/03/23 11:54:13 DEBUG - 381  - App.logArguments: ldapDeleteBeforeCreate=false
01/03/23 11:54:13 DEBUG - 35   - Config.load: Loading Properties
01/03/23 11:54:13 DEBUG - 42   - Config.load: Loaded Properties.
01/03/23 11:54:13 DEBUG - 59   - Config.getTransformationMap: Getting transformation Map:
01/03/23 11:54:13 DEBUG - 91   - Config.getTransformationMap:       Processing mappings
01/03/23 11:54:13 DEBUG - 98   - Config.getTransformationMap:          siteid
01/03/23 11:54:13 DEBUG - 104  - Config.getTransformationMap:             ISSR MultiFamily=>oipm
01/03/23 11:54:13 DEBUG - 104  - Config.getTransformationMap:             OIPM FOIA Requests=>oipm
01/03/23 11:54:13 DEBUG - 104  - Config.getTransformationMap:             OIPM Document Custodian=>oipm
01/03/23 11:54:13 DEBUG - 104  - Config.getTransformationMap:             SUPP MultiFamily=>oipm
01/03/23 11:54:13 DEBUG - 104  - Config.getTransformationMap:             MISC MultiFamily=>oipm
01/03/23 11:54:13 DEBUG - 104  - Config.getTransformationMap:             All Participant Memos=>ginnie-mae-public
01/03/23 11:54:13 DEBUG - 104  - Config.getTransformationMap:             CapitalMarkets=>ocm
01/03/23 11:54:13 DEBUG - 104  - Config.getTransformationMap:             ManufacturedHomes=>oipm
01/03/23 11:54:13 DEBUG - 104  - Config.getTransformationMap:             All Participants Memo's=>ginnie-mae-public
01/03/23 11:54:13 DEBUG - 104  - Config.getTransformationMap:             OCFO Capital Markets=>ocm
01/03/23 11:54:13 DEBUG - 104  - Config.getTransformationMap:             OIPM Monitor Terminated Issuer=>oipm
01/03/23 11:54:13 DEBUG - 104  - Config.getTransformationMap:             OIPM Commitment Authority=>oipm
01/03/23 11:54:13 DEBUG - 104  - Config.getTransformationMap:             Procurement=>omo
01/03/23 11:54:13 DEBUG - 104  - Config.getTransformationMap:             CDs MultiFamily=>oipm
01/03/23 11:54:13 DEBUG - 104  - Config.getTransformationMap:             OIPM Default Issuer=>oipm
01/03/23 11:54:13 DEBUG - 98   - Config.getTransformationMap:          uploaddirectory
01/03/23 11:54:13 DEBUG - 104  - Config.getTransformationMap:             ISSR MultiFamily=>Multifamily/Issuer Application Documents/Issuer Files
01/03/23 11:54:13 DEBUG - 104  - Config.getTransformationMap:             FOIA Request=>Multifamily/Formal Request/FOIA Request
01/03/23 11:54:13 DEBUG - 104  - Config.getTransformationMap:             OIPM Document Custodian=>Multifamily/OIPM Supplemental Documents/Document Custodian Files - internal GMNA file
01/03/23 11:54:13 DEBUG - 104  - Config.getTransformationMap:             SUPP MultiFamily=>Multifamily/Issuer Application Documents/Supplemental Files
01/03/23 11:54:13 DEBUG - 104  - Config.getTransformationMap:             MISC MultiFamily=>Multifamily/Issuer Application Documents/Miscellaneous Files
01/03/23 11:54:13 DEBUG - 104  - Config.getTransformationMap:             APMs=>All Participant Memos
01/03/23 11:54:13 DEBUG - 104  - Config.getTransformationMap:             Historical=>Capital Markets Historical Documents/Historical
01/03/23 11:54:13 DEBUG - 104  - Config.getTransformationMap:             ManufacturedHomes=>Manufactured Housing/Manufactured Homes Historical Documents
01/03/23 11:54:13 DEBUG - 104  - Config.getTransformationMap:             All Participants Memo's=>All Participant Memos
01/03/23 11:54:13 DEBUG - 104  - Config.getTransformationMap:             OCFO Capital Markets=>Structured Solutions (REMIC)/REMIC Closing Documents/Issuance Statement
01/03/23 11:54:13 DEBUG - 104  - Config.getTransformationMap:             OIPM Monitor Terminated Issuer=>Multifamily/Terminated Issuer Documents (Already in EDRM)/Terminated Issuer Files
01/03/23 11:54:13 DEBUG - 104  - Config.getTransformationMap:             OIPM Commitment Authority=>Multifamily/OIPM Supplemental Documents/Commitment Authority Documents - Inside of OIPM
01/03/23 11:54:13 DEBUG - 104  - Config.getTransformationMap:             Procurement=>Procurement Management Division (PMD)/General Documents/Procurement Documents
01/03/23 11:54:13 DEBUG - 104  - Config.getTransformationMap:             CDs MultiFamily=>Multifamily/Multifamily Historical Documents
01/03/23 11:54:13 DEBUG - 104  - Config.getTransformationMap:             01_Official Financial Advisor Letter=>Capital Markets Historical Documents/Official Financial Advisor Letter
01/03/23 11:54:13 DEBUG - 104  - Config.getTransformationMap:             02_Transaction Initiation Letter=>Capital Markets Historical Documents/Transaction Initiation Letter
01/03/23 11:54:13 DEBUG - 104  - Config.getTransformationMap:             03_Sponsor Agreement=>Capital Markets Historical Documents/Sponsor Agreement
01/03/23 11:54:13 DEBUG - 104  - Config.getTransformationMap:             04_Guaranty Agreement=>Capital Markets Historical Documents/Guaranty Agreement
01/03/23 11:54:13 DEBUG - 104  - Config.getTransformationMap:             05_Legal Advisor Letter=>Capital Markets Historical Documents/Legal Advisor Letter
01/03/23 11:54:13 DEBUG - 104  - Config.getTransformationMap:             06_Offering Circulator Supplement=>Capital Markets Historical Documents/Offering Circulator Supplement
01/03/23 11:54:13 DEBUG - 104  - Config.getTransformationMap:             07_Misc=>Capital Markets Historical Documents/Misc
01/03/23 11:54:13 DEBUG - 104  - Config.getTransformationMap:             08_Closing Document - Disk=>Capital Markets Historical Documents/Closing Document - Disk
01/03/23 11:54:13 DEBUG - 104  - Config.getTransformationMap:             FOIA Supplemental=>Multifamily/Formal Request/FOIA Supplemental
01/03/23 11:54:13 DEBUG - 104  - Config.getTransformationMap:             OIPM Default Issuer=>Multifamily/Defaulted Issuers (Already in EDRM)/Default Issuer Files
01/03/23 11:54:13 DEBUG - 98   - Config.getTransformationMap:          contenttype
01/03/23 11:54:13 DEBUG - 104  - Config.getTransformationMap:             ISSR MultiFamily=>smfissrfiles:smfIssuerFiles
01/03/23 11:54:13 DEBUG - 104  - Config.getTransformationMap:             OIPM FOIA Requests=>smfformreq:smfFormalRequest
01/03/23 11:54:13 DEBUG - 104  - Config.getTransformationMap:             OIPM Document Custodian=>smfissrapp:smfIssuerApplicationDocuments
01/03/23 11:54:13 DEBUG - 104  - Config.getTransformationMap:             SUPP MultiFamily=>smfissrsupp:smfIssuerSupplementalFiles
01/03/23 11:54:13 DEBUG - 104  - Config.getTransformationMap:             MISC MultiFamily=>smfissrmisc:smfIssuerMiscFiles
01/03/23 11:54:13 DEBUG - 104  - Config.getTransformationMap:             All Participant Memos=>apm:ALL_PARTICIPANT_MEMOS
01/03/23 11:54:13 DEBUG - 104  - Config.getTransformationMap:             CapitalMarkets=>damsBase:damsBaseDocument
01/03/23 11:54:13 DEBUG - 104  - Config.getTransformationMap:             ManufacturedHomes=>mhdoc:mhDocuments
01/03/23 11:54:13 DEBUG - 104  - Config.getTransformationMap:             All Participants Memo's=>apm:ALL_PARTICIPANT_MEMOS
01/03/23 11:54:13 DEBUG - 104  - Config.getTransformationMap:             Base Type=>damsBase:damsBaseDocument
01/03/23 11:54:13 DEBUG - 104  - Config.getTransformationMap:             OIPM Monitor Terminated Issuer=>smftermissr:smfTerminatedIssuerDocuments
01/03/23 11:54:13 DEBUG - 104  - Config.getTransformationMap:             OIPM Commitment Authority=>smfsuppdoc:smfSupplementalDocuments
01/03/23 11:54:13 DEBUG - 104  - Config.getTransformationMap:             Procurement=>damsBase:damsBaseDocument
01/03/23 11:54:13 DEBUG - 104  - Config.getTransformationMap:             CDs MultiFamily=>oipmroot:oipmRoot
01/03/23 11:54:13 DEBUG - 104  - Config.getTransformationMap:             OIPM Default Issuer=>oipmroot:oipmRoot
01/03/23 11:54:13 DEBUG - 98   - Config.getTransformationMap:          gnmaRoot:documentType
01/03/23 11:54:13 DEBUG - 104  - Config.getTransformationMap:             APMs=>07_Misc
01/03/23 11:54:13 DEBUG - 104  - Config.getTransformationMap:             COMMITMENT AUTHORITY=>07_Misc
01/03/23 11:54:13 DEBUG - 104  - Config.getTransformationMap:             COMMITMENT AUTHORITY FILE=>07_Misc
01/03/23 11:54:13 DEBUG - 104  - Config.getTransformationMap:             Commitment Authority Files=>07_Misc
01/03/23 11:54:13 DEBUG - 104  - Config.getTransformationMap:             CONT=>07_Misc
01/03/23 11:54:13 DEBUG - 104  - Config.getTransformationMap:             Custodian File=>07_Misc
01/03/23 11:54:13 DEBUG - 104  - Config.getTransformationMap:             FOIA Request=>07_Misc
01/03/23 11:54:13 DEBUG - 104  - Config.getTransformationMap:             FOIA Supplemental=>07_Misc
01/03/23 11:54:13 DEBUG - 104  - Config.getTransformationMap:             Historical=>07_Misc
01/03/23 11:54:13 DEBUG - 104  - Config.getTransformationMap:             ISSUER FILE=>07_Misc
01/03/23 11:54:13 DEBUG - 104  - Config.getTransformationMap:             06_Offering Circulator Supplemnet=>06_Offering Circulator Supplement
01/03/23 11:54:13 DEBUG - 104  - Config.getTransformationMap:             08_Closing Document - Disk=>08_Closing Document - Disk Historical
01/03/23 11:54:13 DEBUG - 104  - Config.getTransformationMap:             08_Closing Document -=>08_Closing Document - Disk Historical
01/03/23 11:54:13 DEBUG - 104  - Config.getTransformationMap:             08_Closing Documenent - Disk=>08_Closing Document - Disk Historical
01/03/23 11:54:13 DEBUG - 104  - Config.getTransformationMap:             COMMITMENT AUTHORITY FILES=>07_Misc
01/03/23 11:54:13 DEBUG - 98   - Config.getTransformationMap:          overwrite
01/03/23 11:54:13 DEBUG - 104  - Config.getTransformationMap:             =>TRUE
01/03/23 11:54:13 DEBUG - 98   - Config.getTransformationMap:          description
01/03/23 11:54:13 DEBUG - 104  - Config.getTransformationMap:             =>File coming from EDRM to DAMS
01/03/23 11:54:13 DEBUG - 98   - Config.getTransformationMap:          majorversion
01/03/23 11:54:13 DEBUG - 104  - Config.getTransformationMap:             =>TRUE
01/03/23 11:54:13 DEBUG - 98   - Config.getTransformationMap:          damsasp:extDocSource
01/03/23 11:54:13 DEBUG - 104  - Config.getTransformationMap:             =>EDRM
01/03/23 11:54:13 DEBUG - 98   - Config.getTransformationMap:          maRoot:externalDocumentVersion
01/03/23 11:54:13 DEBUG - 104  - Config.getTransformationMap:             =>1.0
01/03/23 11:54:13 DEBUG - 98   - Config.getTransformationMap:          containerid
01/03/23 11:54:13 DEBUG - 104  - Config.getTransformationMap:             =>documentlibrary
01/03/23 11:54:13 DEBUG - 112  - Config.getTransformationMap: Done generating transformation map.
01/03/23 11:54:13 DEBUG - 124  - Config.getReplacementMap: Getting replacement Map:
01/03/23 11:54:13 DEBUG - 150  - Config.getReplacementMap:       Processing mappings
01/03/23 11:54:13 DEBUG - 153  - Config.getReplacementMap: Done generating replacement map.
01/03/23 11:54:13 INFO  - 64   - SitesServices.processSites: Processing a Site Upload...
01/03/23 11:54:13 DEBUG - 71   - CSV.csvReader: Getting CSV from file.
01/03/23 11:54:13 INFO  - 137  - AlfrescoServiceBase.shouldIterate: Processing CSV row 0
01/03/23 11:54:13 DEBUG - 51   - SitesServices.doSitesUpload: ......... doing site upload from csv row.
01/03/23 11:54:13 INFO  - 154  - SitesServices.createSite: ... Creating site (oipm, OIPM, This site is for the Office of Issuer and Portfolio Management (OIPM)).
01/03/23 11:54:13 DEBUG - 166  - SitesServices.createSite: ... Preparing to execute request.
01/03/23 11:54:13 DEBUG - 169  - SitesServices.createSite: ... Done executing request.
01/03/23 11:54:13 INFO  - 178  - SitesServices.createSite: ...... Cannot create site as it already exists.
01/03/23 11:54:13 INFO  - 137  - AlfrescoServiceBase.shouldIterate: Processing CSV row 1
01/03/23 11:54:13 DEBUG - 51   - SitesServices.doSitesUpload: ......... doing site upload from csv row.
01/03/23 11:54:13 INFO  - 154  - SitesServices.createSite: ... Creating site (ocm, OCM, This site is for the Office of Capital Market (OCM)).
01/03/23 11:54:13 DEBUG - 166  - SitesServices.createSite: ... Preparing to execute request.
01/03/23 11:54:13 DEBUG - 169  - SitesServices.createSite: ... Done executing request.
01/03/23 11:54:13 INFO  - 178  - SitesServices.createSite: ...... Cannot create site as it already exists.
01/03/23 11:54:13 INFO  - 137  - AlfrescoServiceBase.shouldIterate: Processing CSV row 2
01/03/23 11:54:13 DEBUG - 51   - SitesServices.doSitesUpload: ......... doing site upload from csv row.
01/03/23 11:54:13 INFO  - 154  - SitesServices.createSite: ... Creating site (omo, OMO, This site is for the Office of Management Operations (OMO)).
01/03/23 11:54:13 DEBUG - 166  - SitesServices.createSite: ... Preparing to execute request.
01/03/23 11:54:13 DEBUG - 169  - SitesServices.createSite: ... Done executing request.
01/03/23 11:54:13 INFO  - 178  - SitesServices.createSite: ...... Cannot create site as it already exists.
01/03/23 11:54:13 INFO  - 137  - AlfrescoServiceBase.shouldIterate: Processing CSV row 3
01/03/23 11:54:13 DEBUG - 51   - SitesServices.doSitesUpload: ......... doing site upload from csv row.
01/03/23 11:54:13 INFO  - 154  - SitesServices.createSite: ... Creating site (ginnie-mae-public, Ginnie Mae Public, This site is for public Ginnie Mae content).
01/03/23 11:54:13 DEBUG - 166  - SitesServices.createSite: ... Preparing to execute request.
01/03/23 11:54:13 DEBUG - 169  - SitesServices.createSite: ... Done executing request.
01/03/23 11:54:13 INFO  - 178  - SitesServices.createSite: ...... Cannot create site as it already exists.
01/03/23 11:54:13 INFO  - 137  - AlfrescoServiceBase.shouldIterate: Processing CSV row 4
01/03/23 11:54:13 DEBUG - 51   - SitesServices.doSitesUpload: ......... doing site upload from csv row.
01/03/23 11:54:13 INFO  - 154  - SitesServices.createSite: ... Creating site (opevp, OPEVP, This site is for the Office of the President and Executive Vice President (OP and EVP)).
01/03/23 11:54:13 DEBUG - 166  - SitesServices.createSite: ... Preparing to execute request.
01/03/23 11:54:13 DEBUG - 169  - SitesServices.createSite: ... Done executing request.
01/03/23 11:54:13 INFO  - 178  - SitesServices.createSite: ...... Cannot create site as it already exists.
01/03/23 11:54:13 INFO  - 137  - AlfrescoServiceBase.shouldIterate: Processing CSV row 5
01/03/23 11:54:13 DEBUG - 51   - SitesServices.doSitesUpload: ......... doing site upload from csv row.
01/03/23 11:54:13 INFO  - 154  - SitesServices.createSite: ... Creating site (ocfo, OCFO, This site is for the Office of the Chief Financial Officer (OCFO)).
01/03/23 11:54:13 DEBUG - 166  - SitesServices.createSite: ... Preparing to execute request.
01/03/23 11:54:13 DEBUG - 169  - SitesServices.createSite: ... Done executing request.
01/03/23 11:54:13 INFO  - 178  - SitesServices.createSite: ...... Cannot create site as it already exists.
01/03/23 11:54:13 INFO  - 137  - AlfrescoServiceBase.shouldIterate: Processing CSV row 6
01/03/23 11:54:13 DEBUG - 51   - SitesServices.doSitesUpload: ......... doing site upload from csv row.
01/03/23 11:54:13 INFO  - 154  - SitesServices.createSite: ... Creating site (oedts, OEDTS, This site is for the Office of Enterprise Data and Technology Solutions (OEDTS)).
01/03/23 11:54:13 DEBUG - 166  - SitesServices.createSite: ... Preparing to execute request.
01/03/23 11:54:13 DEBUG - 169  - SitesServices.createSite: ... Done executing request.
01/03/23 11:54:13 INFO  - 178  - SitesServices.createSite: ...... Cannot create site as it already exists.
01/03/23 11:54:13 INFO  - 137  - AlfrescoServiceBase.shouldIterate: Processing CSV row 7
01/03/23 11:54:13 DEBUG - 51   - SitesServices.doSitesUpload: ......... doing site upload from csv row.
01/03/23 11:54:13 INFO  - 154  - SitesServices.createSite: ... Creating site (oer, OER, This site is for the Office of Enterprise Risk (OER)).
01/03/23 11:54:13 DEBUG - 166  - SitesServices.createSite: ... Preparing to execute request.
01/03/23 11:54:13 DEBUG - 169  - SitesServices.createSite: ... Done executing request.
01/03/23 11:54:13 INFO  - 178  - SitesServices.createSite: ...... Cannot create site as it already exists.
01/03/23 11:54:13 INFO  - 137  - AlfrescoServiceBase.shouldIterate: Processing CSV row 8
01/03/23 11:54:13 DEBUG - 51   - SitesServices.doSitesUpload: ......... doing site upload from csv row.
01/03/23 11:54:13 INFO  - 154  - SitesServices.createSite: ... Creating site (oso, OSO, This site is for the Office of Securities Operations (OSO)).
01/03/23 11:54:13 DEBUG - 166  - SitesServices.createSite: ... Preparing to execute request.
01/03/23 11:54:13 DEBUG - 169  - SitesServices.createSite: ... Done executing request.
01/03/23 11:54:13 INFO  - 178  - SitesServices.createSite: ...... Cannot create site as it already exists.
01/03/23 11:54:13 INFO  - 137  - AlfrescoServiceBase.shouldIterate: Processing CSV row 9
01/03/23 11:54:13 DEBUG - 51   - SitesServices.doSitesUpload: ......... doing site upload from csv row.
01/03/23 11:54:13 INFO  - 154  - SitesServices.createSite: ... Creating site (ccr, CCR, This site is for the Communications and Congressional Relations Division (CCR)).
01/03/23 11:54:13 DEBUG - 166  - SitesServices.createSite: ... Preparing to execute request.
01/03/23 11:54:13 DEBUG - 169  - SitesServices.createSite: ... Done executing request.
01/03/23 11:54:13 INFO  - 178  - SitesServices.createSite: ...... Cannot create site as it already exists.
01/03/23 11:54:13 INFO  - 137  - AlfrescoServiceBase.shouldIterate: Processing CSV row 10
01/03/23 11:54:13 DEBUG - 51   - SitesServices.doSitesUpload: ......... doing site upload from csv row.
01/03/23 11:54:13 INFO  - 154  - SitesServices.createSite: ... Creating site (rm, rm, Records Management Site).
01/03/23 11:54:13 DEBUG - 166  - SitesServices.createSite: ... Preparing to execute request.
01/03/23 11:54:13 DEBUG - 169  - SitesServices.createSite: ... Done executing request.
01/03/23 11:54:13 INFO  - 178  - SitesServices.createSite: ...... Cannot create site as it already exists.
01/03/23 11:54:13 INFO  - 137  - AlfrescoServiceBase.shouldIterate: Processing CSV row 11
01/03/23 11:54:13 DEBUG - 151  - AlfrescoServiceBase.shouldIterate:    End of CSV has been reached.
01/03/23 11:54:13 INFO  - 351  - App.displayAndLog: Processed:11 
Succeeded:0 
Partially Failed:11 
Failed:0 
Start Time:01/03/2023 11:54:13 
End Time:01/03/2023 11:54:13 
Run Time: 0 days, 0 hours, 0 minutes, 0 seconds 
Speed:0.00 second(s) per file
01/03/23 11:54:13 INFO  - 351  - App.displayAndLog: ------------------------- Done processing action ---------------------------
